Web Crawl Started
Web Crawl Error
Web Crawl Finished
Web Crawl Started
Web Crawl Error
Web Crawl Finished
Web Crawl Started
Web Crawl Error
Web Crawl Finished
Web Crawl Started
Web Crawl Error
Web Crawl Finished
Web Crawl Started
Web Crawl Started
Web Crawl Error
Web Crawl Error
Web Crawl Finished
Web Crawl Finished
Web Crawl Started
Web Crawl Started
Web Crawl Error
Web Crawl Error
Web Crawl Finished
Web Crawl Finished
Web Crawl Started
Start URL:http://www.aljazeera.com/news/middleeast
Crawling : http://www.aljazeera.com/topics/regions/middleeast.html
Web Crawl Finished
Web Crawl Started
Start URL:http://www.aljazeera.com/news/2015/08
Crawling : http://www.aljazeera.com/news/2015/08/qa-iraq-kuwait-war-generation-150804102537820.html
Crawling : http://www.aljazeera.com/news/2015/08/evidence-isil-controls-territories-syria-tal-abyad-150804094534420.html
Crawling : http://www.aljazeera.com/news/2015/08/obama-abandoning-iran-nuclear-deal-war-150805214641628.html
Crawling : http://www.aljazeera.com/news/2015/08/malaysia-pm-confirms-wreckage-belongs-mh370-150805181828064.html
Crawling : http://www.aljazeera.com/news/2015/08/moment-truman-announced-bombing-hiroshima-150805235042546.html
Crawling : http://www.aljazeera.com/news/2015/08/iraq-kuwait-war-trauma-open-wound-150804064534946.html
Crawling : http://www.aljazeera.com/news/2015/08/day-kuwait-forget-iraq-invasion-gulf-war-150802065833437.html
Crawling : http://www.aljazeera.com/news/2015/08/netanyahu-lobbies-jews-act-iran-deal-150804203120249.html
Web Crawl Finished
Web Crawl Started
Start URL:http://www.aljazeera.com/news/2015/08
Crawling : http://www.aljazeera.com/news/2015/08/qa-iraq-kuwait-war-generation-150804102537820.html
Found citation to keyword: Kuwait
Crawling : http://www.aljazeera.com/news/2015/08/malaysia-pm-confirms-wreckage-belongs-mh370-150805181828064.html
Crawling : http://www.aljazeera.com/news/2015/08/evidence-isil-controls-territories-syria-tal-abyad-150804094534420.html
Crawling : http://www.aljazeera.com/news/2015/08/day-kuwait-forget-iraq-invasion-gulf-war-150802065833437.html
Found citation to keyword: Kuwait
Crawling : http://www.aljazeera.com/news/2015/08/iraq-kuwait-war-trauma-open-wound-150804064534946.html
Found citation to keyword: Kuwait
Crawling : http://www.aljazeera.com/news/2015/08/obama-abandoning-iran-nuclear-deal-war-150805214641628.html
Crawling : http://www.aljazeera.com/news/2015/08/moment-truman-announced-bombing-hiroshima-150805235042546.html
Crawling : http://www.aljazeera.com/news/2015/08/netanyahu-lobbies-jews-act-iran-deal-150804203120249.html
Web Crawl Finished
Web Crawl Started
Web Crawl Started
Web Crawl Error
Web Crawl Error
Web Crawl Finished
Web Crawl Finished
Web Crawl Started
Start URL:http://www.aljazeera.com/news/2015/08
Start URL:http://www.aljazeera.com/news/middleeast/2014/04/anti-palestinian-arson-attacks-rise-20144306116355863.html
Crawling : http://www.aljazeera.com/news/2015/08/qa-iraq-kuwait-war-generation-150804102537820.html
Crawling : http://www.aljazeera.com/news/middleeast/2014/04/anti-palestinian-arson-attacks-rise-20144306116355863.html/
Found citation to website: http://www.haaretz.com/news/national/.premium-1.587963
Found citation to website: http://www.ynetnews.com/articles/0,7340,L-4514736,00.html
Found citation to website: http://www.haaretz.com/news/national/1.568700
Found citation to website: http://www.haaretz.com/print-edition/news/tuba-mosque-arson-suspect-freed-due-to-lack-of-evidence-1.389480
Crawling : http://www.aljazeera.com/news/2015/08/iraq-kuwait-war-trauma-open-wound-150804064534946.html
Found citation to website: http://www.haaretz.com/news/national/1.584435
Found citation to website: http://www.haaretz.com/news/diplomacy-defense/.premium-1.585320
Crawling : http://www.aljazeera.com/news/2015/08/moment-truman-announced-bombing-hiroshima-150805235042546.html
Found citation to website: http://www.haaretz.com/news/diplomacy-defense/.premium-1.530205
Crawling : http://www.aljazeera.com/news/2015/08/evidence-isil-controls-territories-syria-tal-abyad-150804094534420.html
Crawling : http://www.aljazeera.com/news/2015/08/obama-abandoning-iran-nuclear-deal-war-150805214641628.html
Crawling : http://www.aljazeera.com/news/2015/08/malaysia-pm-confirms-wreckage-belongs-mh370-150805181828064.html
Found citation to website: http://www.haaretz.com/news/diplomacy-defense/.premium-1.531950
Crawling : http://www.aljazeera.com/news/2015/08/day-kuwait-forget-iraq-invasion-gulf-war-150802065833437.html
Found citation to website: http://www.ynetnews.com/articles/0,7340,L-4515141,00.html
Found citation to website: [http://www.haaretz.com/news/diplomacy-defense/1.588285
Crawling : http://www.aljazeera.com/news/2015/08/netanyahu-lobbies-jews-act-iran-deal-150804203120249.html
Web Crawl Finished
Web Crawl Started
Start URL:http://www.aljazeera.com/news/2015/08
Start URL:http://www.aljazeera.com/news/middleeast/2014/04/anti-palestinian-arson-attacks-rise-20144306116355863.html
Crawling : http://www.aljazeera.com/news/2015/08/qa-iraq-kuwait-war-generation-150804102537820.html
Found citation to keyword: Kuwait
Crawling : http://www.aljazeera.com/news/middleeast/2014/04/anti-palestinian-arson-attacks-rise-20144306116355863.html/
Found citation to website: http://www.haaretz.com/news/national/.premium-1.587963
Found citation to website: http://www.ynetnews.com/articles/0,7340,L-4514736,00.html
Found citation to website: http://www.haaretz.com/news/national/1.568700
Crawling : http://www.aljazeera.com/news/2015/08/evidence-isil-controls-territories-syria-tal-abyad-150804094534420.html
Crawling : http://www.aljazeera.com/news/2015/08/moment-truman-announced-bombing-hiroshima-150805235042546.html
Found citation to website: http://www.haaretz.com/print-edition/news/tuba-mosque-arson-suspect-freed-due-to-lack-of-evidence-1.389480
Found citation to website: http://www.haaretz.com/news/national/1.584435
Found citation to website: http://www.haaretz.com/news/diplomacy-defense/.premium-1.585320
Crawling : http://www.aljazeera.com/news/2015/08/obama-abandoning-iran-nuclear-deal-war-150805214641628.html
Found citation to website: http://www.haaretz.com/news/diplomacy-defense/.premium-1.530205
Crawling : http://www.aljazeera.com/news/2015/08/malaysia-pm-confirms-wreckage-belongs-mh370-150805181828064.html
Crawling : http://www.aljazeera.com/news/2015/08/iraq-kuwait-war-trauma-open-wound-150804064534946.html
Found citation to keyword: Kuwait
Found citation to website: http://www.haaretz.com/news/diplomacy-defense/.premium-1.531950
Crawling : http://www.aljazeera.com/news/2015/08/day-kuwait-forget-iraq-invasion-gulf-war-150802065833437.html
Found citation to keyword: Kuwait
Found citation to website: http://www.ynetnews.com/articles/0,7340,L-4515141,00.html
Crawling : http://www.aljazeera.com/news/2015/08/netanyahu-lobbies-jews-act-iran-deal-150804203120249.html
Found citation to website: [http://www.haaretz.com/news/diplomacy-defense/1.588285
Web Crawl Finished
Web Crawl Started
Start URL:http://www.aljazeera.com/news/2015/08
Start URL:http://www.aljazeera.com/news/middleeast/2014/04/anti-palestinian-arson-attacks-rise-20144306116355863.html
Force stop crawler
Force stop crawler
Web Crawl Finished
Web Crawl Started
Start URL:http://www.aljazeera.com/news/2015/08
Start URL:http://www.aljazeera.com/news/middleeast/2014/04/anti-palestinian-arson-attacks-rise-20144306116355863.html
Crawling : http://www.aljazeera.com/news/2015/08/qa-iraq-kuwait-war-generation-150804102537820.html
Found citation to keyword: Kuwait
Crawling : http://www.aljazeera.com/news/middleeast/2014/04/anti-palestinian-arson-attacks-rise-20144306116355863.html/
Found citation to website: http://www.haaretz.com/news/national/.premium-1.587963
Found citation to website: http://www.ynetnews.com/articles/0,7340,L-4514736,00.html
Found citation to website: http://www.haaretz.com/news/national/1.568700
Crawling : http://www.aljazeera.com/news/2015/08/iraq-kuwait-war-trauma-open-wound-150804064534946.html
Found citation to keyword: Kuwait
Found citation to website: http://www.haaretz.com/print-edition/news/tuba-mosque-arson-suspect-freed-due-to-lack-of-evidence-1.389480
Crawling : http://www.aljazeera.com/news/2015/08/day-kuwait-forget-iraq-invasion-gulf-war-150802065833437.html
Found citation to keyword: Kuwait
Found citation to website: http://www.haaretz.com/news/national/1.584435
Crawling : http://www.aljazeera.com/news/2015/08/moment-truman-announced-bombing-hiroshima-150805235042546.html
Found citation to website: http://www.haaretz.com/news/diplomacy-defense/.premium-1.585320
Found citation to website: http://www.haaretz.com/news/diplomacy-defense/.premium-1.530205
Found citation to website: http://www.haaretz.com/news/diplomacy-defense/.premium-1.531950
Crawling : http://www.aljazeera.com/news/2015/08/malaysia-pm-confirms-wreckage-belongs-mh370-150805181828064.html
Crawling : http://www.aljazeera.com/news/2015/08/obama-abandoning-iran-nuclear-deal-war-150805214641628.html
Crawling : http://www.aljazeera.com/news/2015/08/cafe-opened-jerusalem-islamic-graves-sparks-anger-150805071543769.html
Crawling : http://www.aljazeera.com/news/2015/08/libya-migrant-boat-capsizes-mediterranean-sea-150805140633506.html
Crawling : http://www.aljazeera.com/news/2015/08/evidence-isil-controls-territories-syria-tal-abyad-150804094534420.html
Found citation to website: http://www.ynetnews.com/articles/0,7340,L-4515141,00.html
Found citation to website: [http://www.haaretz.com/news/diplomacy-defense/1.588285
Crawling : http://www.aljazeera.com/news/2015/08/mediterranean-migrant-numbers-cross-2000-mark-150804133755593.html
Crawling : http://www.aljazeera.com/news/2015/08/israel-arrests-jewish-activist-nationalist-crimes-150803202610076.html
Crawling : http://www.aljazeera.com/news/2015/08/netanyahu-lobbies-jews-act-iran-deal-150804203120249.html
Crawling : http://www.aljazeera.com/news/2015/08/mediterranean-migrants-150803043506382.html
Crawling : http://www.aljazeera.com/news/2015/08/israelis-protest-hate-crimes-wake-baby-death-palestine-150801223654320.html
Crawling : http://www.aljazeera.com/news/2015/08/palestine-lodge-icc-complaint-baby-death-israel-hague-arson-settlers-150801030303160.html
Web Crawl Finished
Web Crawl Started
Start URL:http://www.aljazeera.com/news/2015/08
Start URL:http://www.aljazeera.com/news/middleeast/2014/04/anti-palestinian-arson-attacks-rise-20144306116355863.html
Crawling : http://www.aljazeera.com/news/middleeast/2014/04/anti-palestinian-arson-attacks-rise-20144306116355863.html/
Found citation to website: http://www.haaretz.com/news/national/.premium-1.587963
Found citation to website: http://www.ynetnews.com/articles/0,7340,L-4514736,00.html
Found citation to website: http://www.haaretz.com/news/national/1.568700
Crawling : http://www.aljazeera.com/news/2015/08/qa-iraq-kuwait-war-generation-150804102537820.html
Found citation to keyword: Kuwait
Found citation to website: http://www.haaretz.com/print-edition/news/tuba-mosque-arson-suspect-freed-due-to-lack-of-evidence-1.389480
Found citation to website: http://www.haaretz.com/news/national/1.584435
Found citation to website: http://www.haaretz.com/news/diplomacy-defense/.premium-1.585320
Found citation to website: http://www.haaretz.com/news/diplomacy-defense/.premium-1.530205
Found citation to website: http://www.haaretz.com/news/diplomacy-defense/.premium-1.531950
Found citation to website: http://www.ynetnews.com/articles/0,7340,L-4515141,00.html
Found citation to website: [http://www.haaretz.com/news/diplomacy-defense/1.588285
Crawling : http://www.aljazeera.com/news/2015/08/malaysia-pm-confirms-wreckage-belongs-mh370-150805181828064.html
Crawling : http://www.aljazeera.com/news/2015/08/iraq-kuwait-war-trauma-open-wound-150804064534946.html
Found citation to keyword: Kuwait
Crawling : http://www.aljazeera.com/news/2015/08/obama-abandoning-iran-nuclear-deal-war-150805214641628.html
Crawling : http://www.aljazeera.com/news/2015/08/evidence-isil-controls-territories-syria-tal-abyad-150804094534420.html
Crawling : http://www.aljazeera.com/news/2015/08/moment-truman-announced-bombing-hiroshima-150805235042546.html
Crawling : http://www.aljazeera.com/news/2015/08/libya-migrant-boat-capsizes-mediterranean-sea-150805140633506.html
Crawling : http://www.aljazeera.com/news/2015/08/day-kuwait-forget-iraq-invasion-gulf-war-150802065833437.html
Found citation to keyword: Kuwait
Crawling : http://www.aljazeera.com/news/2015/08/netanyahu-lobbies-jews-act-iran-deal-150804203120249.html
Crawling : http://www.aljazeera.com/news/2015/08/mediterranean-migrant-numbers-cross-2000-mark-150804133755593.html
Crawling : http://www.aljazeera.com/news/2015/08/mediterranean-migrants-150803043506382.html
Web Crawl Finished
